0 info it worked if it ends with ok
1 verbose cli [ '/usr/local/bin/node',
1 verbose cli   '/usr/local/bin/npm',
1 verbose cli   'install',
1 verbose cli   'ion-md-input' ]
2 info using npm@2.14.9
3 info using node@v0.12.12
4 verbose install initial load of /home/need_some_meat/Projects/IONIC APPS/behind-you/package.json
5 warn package.json behind-you@1.1.1 No repository field.
6 warn package.json behind-you@1.1.1 No README data
7 warn package.json behind-you@1.1.1 No license field.
8 verbose installManyTop reading scoped package data from /home/need_some_meat/Projects/IONIC APPS/behind-you/node_modules/bower/package.json
9 verbose installManyTop reading scoped package data from /home/need_some_meat/Projects/IONIC APPS/behind-you/node_modules/gulp/package.json
10 verbose installManyTop reading scoped package data from /home/need_some_meat/Projects/IONIC APPS/behind-you/node_modules/gulp-concat/package.json
11 verbose installManyTop reading scoped package data from /home/need_some_meat/Projects/IONIC APPS/behind-you/node_modules/gulp-minify-css/package.json
12 verbose installManyTop reading scoped package data from /home/need_some_meat/Projects/IONIC APPS/behind-you/node_modules/gulp-rename/package.json
13 verbose installManyTop reading scoped package data from /home/need_some_meat/Projects/IONIC APPS/behind-you/node_modules/gulp-sass/package.json
14 verbose installManyTop reading scoped package data from /home/need_some_meat/Projects/IONIC APPS/behind-you/node_modules/gulp-util/package.json
15 verbose installManyTop reading scoped package data from /home/need_some_meat/Projects/IONIC APPS/behind-you/node_modules/shelljs/package.json
16 info package.json gulp-minify-css@0.3.13 No license field.
17 info package.json gulp-rename@1.2.2 No license field.
18 info package.json gulp-util@2.2.20 No license field.
19 info package.json shelljs@0.3.0 license should be a valid SPDX license expression
20 verbose readDependencies loading dependencies from /home/need_some_meat/Projects/IONIC APPS/behind-you/package.json
21 silly cache add args [ 'ion-md-input', null ]
22 verbose cache add spec ion-md-input
23 silly cache add parsed spec { raw: 'ion-md-input',
23 silly cache add   scope: null,
23 silly cache add   name: 'ion-md-input',
23 silly cache add   rawSpec: '',
23 silly cache add   spec: '*',
23 silly cache add   type: 'range' }
24 silly addNamed ion-md-input@*
25 verbose addNamed "*" is a valid semver range for ion-md-input
26 silly addNameRange { name: 'ion-md-input', range: '*', hasData: false }
27 silly mapToRegistry name ion-md-input
28 silly mapToRegistry using default registry
29 silly mapToRegistry registry https://registry.npmjs.org/
30 silly mapToRegistry uri https://registry.npmjs.org/ion-md-input
31 verbose addNameRange registry:https://registry.npmjs.org/ion-md-input not in flight; fetching
32 verbose request uri https://registry.npmjs.org/ion-md-input
33 verbose request no auth needed
34 info attempt registry request try #1 at 5:58:19 PM
35 verbose request id f439ca3a77a36232
36 http request GET https://registry.npmjs.org/ion-md-input
37 http 404 https://registry.npmjs.org/ion-md-input
38 verbose headers { 'content-type': 'application/json',
38 verbose headers   'cache-control': 'max-age=0',
38 verbose headers   'content-length': '2',
38 verbose headers   'accept-ranges': 'bytes',
38 verbose headers   date: 'Fri, 11 Mar 2016 15:58:20 GMT',
38 verbose headers   via: '1.1 varnish',
38 verbose headers   age: '0',
38 verbose headers   connection: 'keep-alive',
38 verbose headers   'x-served-by': 'cache-fra1223-FRA',
38 verbose headers   'x-cache': 'MISS',
38 verbose headers   'x-cache-hits': '0',
38 verbose headers   'x-timer': 'S1457711899.941547,VS0,VE187' }
39 silly get cb [ 404,
39 silly get   { 'content-type': 'application/json',
39 silly get     'cache-control': 'max-age=0',
39 silly get     'content-length': '2',
39 silly get     'accept-ranges': 'bytes',
39 silly get     date: 'Fri, 11 Mar 2016 15:58:20 GMT',
39 silly get     via: '1.1 varnish',
39 silly get     age: '0',
39 silly get     connection: 'keep-alive',
39 silly get     'x-served-by': 'cache-fra1223-FRA',
39 silly get     'x-cache': 'MISS',
39 silly get     'x-cache-hits': '0',
39 silly get     'x-timer': 'S1457711899.941547,VS0,VE187' } ]
40 verbose stack Error: Registry returned 404 for GET on https://registry.npmjs.org/ion-md-input
40 verbose stack     at makeError (/usr/local/lib/node_modules/npm/node_modules/npm-registry-client/lib/request.js:264:12)
40 verbose stack     at CachingRegistryClient.<anonymous> (/usr/local/lib/node_modules/npm/node_modules/npm-registry-client/lib/request.js:242:14)
40 verbose stack     at Request._callback (/usr/local/lib/node_modules/npm/node_modules/npm-registry-client/lib/request.js:172:14)
40 verbose stack     at Request.self.callback (/usr/local/lib/node_modules/npm/node_modules/request/request.js:198:22)
40 verbose stack     at Request.emit (events.js:110:17)
40 verbose stack     at Request.<anonymous> (/usr/local/lib/node_modules/npm/node_modules/request/request.js:1082:10)
40 verbose stack     at Request.emit (events.js:129:20)
40 verbose stack     at IncomingMessage.<anonymous> (/usr/local/lib/node_modules/npm/node_modules/request/request.js:1009:12)
40 verbose stack     at IncomingMessage.emit (events.js:129:20)
40 verbose stack     at _stream_readable.js:908:16
41 verbose statusCode 404
42 verbose pkgid ion-md-input
43 verbose cwd /home/need_some_meat/Projects/IONIC APPS/behind-you
44 error Linux 3.19.0-25-generic
45 error argv "/usr/local/bin/node" "/usr/local/bin/npm" "install" "ion-md-input"
46 error node v0.12.12
47 error npm  v2.14.9
48 error code E404
49 error 404 Registry returned 404 for GET on https://registry.npmjs.org/ion-md-input
49 error 404
49 error 404 'ion-md-input' is not in the npm registry.
49 error 404 You should bug the author to publish it (or use the name yourself!)
49 error 404 It was specified as a dependency of 'behind-you'
49 error 404
49 error 404 Note that you can also install from a
49 error 404 tarball, folder, http url, or git url.
50 verbose exit [ 1, true ]
